2018-09-17 00:16:14.917 -03:00 [Information] User profile is available. Using '"C:\Users\mario.neto\AppData\Local\ASP.NET\DataProtection-Keys"' as key repository and Windows DPAPI to encrypt keys at rest.
2018-09-17 00:16:22.156 -03:00 [Information] Request starting HTTP/1.1 GET http://localhost:54878/swagger/  
2018-09-17 00:16:22.594 -03:00 [Information] Sending file. Request path: '"/index.html"'. Physical path: '"N/A"'
2018-09-17 00:16:22.647 -03:00 [Information] Request finished in 503.0039ms 200 text/html
2018-09-17 00:16:25.768 -03:00 [Information] Request starting HTTP/1.1 GET http://localhost:54878/swagger/v1/swagger.json  
2018-09-17 00:16:26.144 -03:00 [Information] Request finished in 375.5475ms 200 application/json
2018-09-17 00:16:31.173 -03:00 [Information] Request starting HTTP/1.1 GET http://localhost:54878/api/Customers  
2018-09-17 00:16:31.753 -03:00 [Information] Executing action method "ClinicaVivaEstetica.WebApi.Controllers.Customer.Get.CustomersController.Get (ClinicaVivaEstetica.WebApi)" with arguments ([""]) - ModelState is Valid
2018-09-17 00:16:32.557 -03:00 [Information] Executing ObjectResult, writing value "Microsoft.AspNetCore.Mvc.ControllerContext".
2018-09-17 00:16:32.578 -03:00 [Information] Executed action "ClinicaVivaEstetica.WebApi.Controllers.Customer.Get.CustomersController.Get (ClinicaVivaEstetica.WebApi)" in 1275.7132ms
2018-09-17 00:16:32.578 -03:00 [Information] Request finished in 1404.9325ms 200 application/json; charset=utf-8
2018-09-17 00:16:35.498 -03:00 [Information] Request starting HTTP/1.1 GET http://localhost:54878/api/Services  
2018-09-17 00:16:35.511 -03:00 [Information] Executing action method "ClinicaVivaEstetica.WebApi.Controllers.Service.Get.ServicesController.Get (ClinicaVivaEstetica.WebApi)" with arguments ([""]) - ModelState is Valid
2018-09-17 00:16:35.581 -03:00 [Information] Executing ObjectResult, writing value "Microsoft.AspNetCore.Mvc.ControllerContext".
2018-09-17 00:16:35.596 -03:00 [Information] Executed action "ClinicaVivaEstetica.WebApi.Controllers.Service.Get.ServicesController.Get (ClinicaVivaEstetica.WebApi)" in 90.291ms
2018-09-17 00:16:35.596 -03:00 [Information] Request finished in 97.6153ms 200 application/json; charset=utf-8
2018-09-17 00:16:43.655 -03:00 [Information] Request starting HTTP/1.1 GET http://localhost:54878/api/Customers  
2018-09-17 00:16:43.661 -03:00 [Information] Executing action method "ClinicaVivaEstetica.WebApi.Controllers.Customer.Get.CustomersController.Get (ClinicaVivaEstetica.WebApi)" with arguments ([""]) - ModelState is Valid
2018-09-17 00:16:43.679 -03:00 [Information] Executing ObjectResult, writing value "Microsoft.AspNetCore.Mvc.ControllerContext".
2018-09-17 00:16:43.680 -03:00 [Information] Executed action "ClinicaVivaEstetica.WebApi.Controllers.Customer.Get.CustomersController.Get (ClinicaVivaEstetica.WebApi)" in 24.0427ms
2018-09-17 00:16:43.680 -03:00 [Information] Request finished in 25.0785ms 200 application/json; charset=utf-8
2018-09-17 00:16:44.987 -03:00 [Information] Request starting HTTP/1.1 GET http://localhost:54878/api/Customers  
2018-09-17 00:16:44.991 -03:00 [Information] Executing action method "ClinicaVivaEstetica.WebApi.Controllers.Customer.Get.CustomersController.Get (ClinicaVivaEstetica.WebApi)" with arguments ([""]) - ModelState is Valid
2018-09-17 00:16:45.004 -03:00 [Information] Executing ObjectResult, writing value "Microsoft.AspNetCore.Mvc.ControllerContext".
2018-09-17 00:16:45.005 -03:00 [Information] Executed action "ClinicaVivaEstetica.WebApi.Controllers.Customer.Get.CustomersController.Get (ClinicaVivaEstetica.WebApi)" in 17.5817ms
2018-09-17 00:16:45.011 -03:00 [Information] Request finished in 23.6665ms 200 application/json; charset=utf-8
2018-09-17 00:16:46.235 -03:00 [Information] Request starting HTTP/1.1 GET http://localhost:54878/api/Customers  
2018-09-17 00:16:46.241 -03:00 [Information] Executing action method "ClinicaVivaEstetica.WebApi.Controllers.Customer.Get.CustomersController.Get (ClinicaVivaEstetica.WebApi)" with arguments ([""]) - ModelState is Valid
2018-09-17 00:16:46.258 -03:00 [Information] Executing ObjectResult, writing value "Microsoft.AspNetCore.Mvc.ControllerContext".
2018-09-17 00:16:46.258 -03:00 [Information] Executed action "ClinicaVivaEstetica.WebApi.Controllers.Customer.Get.CustomersController.Get (ClinicaVivaEstetica.WebApi)" in 23.4537ms
2018-09-17 00:16:46.261 -03:00 [Information] Request finished in 25.915ms 200 application/json; charset=utf-8
2018-09-17 00:16:47.453 -03:00 [Information] Request starting HTTP/1.1 GET http://localhost:54878/api/Customers  
2018-09-17 00:16:47.458 -03:00 [Information] Executing action method "ClinicaVivaEstetica.WebApi.Controllers.Customer.Get.CustomersController.Get (ClinicaVivaEstetica.WebApi)" with arguments ([""]) - ModelState is Valid
2018-09-17 00:16:47.474 -03:00 [Information] Executing ObjectResult, writing value "Microsoft.AspNetCore.Mvc.ControllerContext".
2018-09-17 00:16:47.475 -03:00 [Information] Executed action "ClinicaVivaEstetica.WebApi.Controllers.Customer.Get.CustomersController.Get (ClinicaVivaEstetica.WebApi)" in 21.5526ms
2018-09-17 00:16:47.475 -03:00 [Information] Request finished in 21.9809ms 200 application/json; charset=utf-8
2018-09-17 00:17:05.877 -03:00 [Information] Request starting HTTP/1.1 GET http://localhost:54878/api/Customers  
2018-09-17 00:17:05.883 -03:00 [Information] Executing action method "ClinicaVivaEstetica.WebApi.Controllers.Customer.Get.CustomersController.Get (ClinicaVivaEstetica.WebApi)" with arguments ([""]) - ModelState is Valid
2018-09-17 00:17:05.897 -03:00 [Information] Executing ObjectResult, writing value "Microsoft.AspNetCore.Mvc.ControllerContext".
2018-09-17 00:17:05.897 -03:00 [Information] Executed action "ClinicaVivaEstetica.WebApi.Controllers.Customer.Get.CustomersController.Get (ClinicaVivaEstetica.WebApi)" in 20.0284ms
2018-09-17 00:17:05.898 -03:00 [Information] Request finished in 20.9ms 200 application/json; charset=utf-8
2018-09-17 00:17:08.437 -03:00 [Information] Request starting HTTP/1.1 GET http://localhost:54878/api/Services  
2018-09-17 00:17:08.445 -03:00 [Information] Executing action method "ClinicaVivaEstetica.WebApi.Controllers.Service.Get.ServicesController.Get (ClinicaVivaEstetica.WebApi)" with arguments ([""]) - ModelState is Valid
2018-09-17 00:17:08.460 -03:00 [Information] Executing ObjectResult, writing value "Microsoft.AspNetCore.Mvc.ControllerContext".
2018-09-17 00:17:08.461 -03:00 [Information] Executed action "ClinicaVivaEstetica.WebApi.Controllers.Service.Get.ServicesController.Get (ClinicaVivaEstetica.WebApi)" in 22.9705ms
2018-09-17 00:17:08.461 -03:00 [Information] Request finished in 23.5449ms 200 application/json; charset=utf-8
2018-09-17 00:17:09.503 -03:00 [Information] Request starting HTTP/1.1 GET http://localhost:54878/api/Customers  
2018-09-17 00:17:09.509 -03:00 [Information] Executing action method "ClinicaVivaEstetica.WebApi.Controllers.Customer.Get.CustomersController.Get (ClinicaVivaEstetica.WebApi)" with arguments ([""]) - ModelState is Valid
2018-09-17 00:17:09.526 -03:00 [Information] Executing ObjectResult, writing value "Microsoft.AspNetCore.Mvc.ControllerContext".
2018-09-17 00:17:09.526 -03:00 [Information] Executed action "ClinicaVivaEstetica.WebApi.Controllers.Customer.Get.CustomersController.Get (ClinicaVivaEstetica.WebApi)" in 23.2887ms
2018-09-17 00:17:09.530 -03:00 [Information] Request finished in 26.774ms 200 application/json; charset=utf-8
2018-09-17 00:18:19.875 -03:00 [Information] Request starting HTTP/1.1 GET http://localhost:54878/api/Customers  
2018-09-17 00:18:19.881 -03:00 [Information] Executing action method "ClinicaVivaEstetica.WebApi.Controllers.Customer.Get.CustomersController.Get (ClinicaVivaEstetica.WebApi)" with arguments ([""]) - ModelState is Valid
2018-09-17 00:18:19.897 -03:00 [Information] Executing ObjectResult, writing value "Microsoft.AspNetCore.Mvc.ControllerContext".
2018-09-17 00:18:19.897 -03:00 [Information] Executed action "ClinicaVivaEstetica.WebApi.Controllers.Customer.Get.CustomersController.Get (ClinicaVivaEstetica.WebApi)" in 22.3326ms
2018-09-17 00:18:19.898 -03:00 [Information] Request finished in 22.9472ms 200 application/json; charset=utf-8
2018-09-17 00:18:20.645 -03:00 [Information] Request starting HTTP/1.1 GET http://localhost:54878/api/Customers  
2018-09-17 00:18:20.654 -03:00 [Information] Executing action method "ClinicaVivaEstetica.WebApi.Controllers.Customer.Get.CustomersController.Get (ClinicaVivaEstetica.WebApi)" with arguments ([""]) - ModelState is Valid
2018-09-17 00:18:20.672 -03:00 [Information] Request starting HTTP/1.1 GET http://localhost:54878/api/Customers  
2018-09-17 00:18:20.673 -03:00 [Information] Request starting HTTP/1.1 GET http://localhost:54878/api/Customers  
2018-09-17 00:18:20.678 -03:00 [Information] Executing action method "ClinicaVivaEstetica.WebApi.Controllers.Customer.Get.CustomersController.Get (ClinicaVivaEstetica.WebApi)" with arguments ([""]) - ModelState is Valid
2018-09-17 00:18:20.693 -03:00 [Information] Executing ObjectResult, writing value "Microsoft.AspNetCore.Mvc.ControllerContext".
2018-09-17 00:18:20.693 -03:00 [Information] Executed action "ClinicaVivaEstetica.WebApi.Controllers.Customer.Get.CustomersController.Get (ClinicaVivaEstetica.WebApi)" in 47.8178ms
2018-09-17 00:18:20.693 -03:00 [Information] Request finished in 48.3732ms 200 application/json; charset=utf-8
2018-09-17 00:18:20.722 -03:00 [Information] Executing action method "ClinicaVivaEstetica.WebApi.Controllers.Customer.Get.CustomersController.Get (ClinicaVivaEstetica.WebApi)" with arguments ([""]) - ModelState is Valid
2018-09-17 00:18:20.735 -03:00 [Information] Executing ObjectResult, writing value "Microsoft.AspNetCore.Mvc.ControllerContext".
2018-09-17 00:18:20.736 -03:00 [Information] Executed action "ClinicaVivaEstetica.WebApi.Controllers.Customer.Get.CustomersController.Get (ClinicaVivaEstetica.WebApi)" in 63.1857ms
2018-09-17 00:18:20.737 -03:00 [Information] Request finished in 64.9716ms 200 application/json; charset=utf-8
2018-09-17 00:18:20.778 -03:00 [Information] Executing ObjectResult, writing value "Microsoft.AspNetCore.Mvc.ControllerContext".
2018-09-17 00:18:20.779 -03:00 [Information] Executed action "ClinicaVivaEstetica.WebApi.Controllers.Customer.Get.CustomersController.Get (ClinicaVivaEstetica.WebApi)" in 105.2488ms
2018-09-17 00:18:20.779 -03:00 [Information] Request finished in 105.8125ms 200 application/json; charset=utf-8
2018-09-17 00:18:25.972 -03:00 [Information] Request starting HTTP/1.1 GET http://localhost:54878/api/Customers  
2018-09-17 00:18:25.977 -03:00 [Information] Executing action method "ClinicaVivaEstetica.WebApi.Controllers.Customer.Get.CustomersController.Get (ClinicaVivaEstetica.WebApi)" with arguments ([""]) - ModelState is Valid
2018-09-17 00:18:25.992 -03:00 [Information] Executing ObjectResult, writing value "Microsoft.AspNetCore.Mvc.ControllerContext".
2018-09-17 00:18:25.992 -03:00 [Information] Executed action "ClinicaVivaEstetica.WebApi.Controllers.Customer.Get.CustomersController.Get (ClinicaVivaEstetica.WebApi)" in 20.0892ms
2018-09-17 00:18:25.993 -03:00 [Information] Request finished in 20.5546ms 200 application/json; charset=utf-8
2018-09-17 00:18:26.991 -03:00 [Information] Request starting HTTP/1.1 GET http://localhost:54878/api/Services  
2018-09-17 00:18:26.996 -03:00 [Information] Executing action method "ClinicaVivaEstetica.WebApi.Controllers.Service.Get.ServicesController.Get (ClinicaVivaEstetica.WebApi)" with arguments ([""]) - ModelState is Valid
2018-09-17 00:18:27.009 -03:00 [Information] Executing ObjectResult, writing value "Microsoft.AspNetCore.Mvc.ControllerContext".
2018-09-17 00:18:27.010 -03:00 [Information] Executed action "ClinicaVivaEstetica.WebApi.Controllers.Service.Get.ServicesController.Get (ClinicaVivaEstetica.WebApi)" in 18.7904ms
2018-09-17 00:18:27.010 -03:00 [Information] Request finished in 19.2807ms 200 application/json; charset=utf-8
2018-09-17 00:18:28.582 -03:00 [Information] Request starting HTTP/1.1 GET http://localhost:54878/api/Customers  
2018-09-17 00:18:28.588 -03:00 [Information] Executing action method "ClinicaVivaEstetica.WebApi.Controllers.Customer.Get.CustomersController.Get (ClinicaVivaEstetica.WebApi)" with arguments ([""]) - ModelState is Valid
2018-09-17 00:18:28.610 -03:00 [Information] Executing ObjectResult, writing value "Microsoft.AspNetCore.Mvc.ControllerContext".
2018-09-17 00:18:28.610 -03:00 [Information] Executed action "ClinicaVivaEstetica.WebApi.Controllers.Customer.Get.CustomersController.Get (ClinicaVivaEstetica.WebApi)" in 27.6504ms
2018-09-17 00:18:28.610 -03:00 [Information] Request finished in 28.2216ms 200 application/json; charset=utf-8
2018-09-17 00:24:18.351 -03:00 [Information] Request starting HTTP/1.1 GET http://localhost:54878/api/Customers  
2018-09-17 00:24:18.357 -03:00 [Information] Executing action method "ClinicaVivaEstetica.WebApi.Controllers.Customer.Get.CustomersController.Get (ClinicaVivaEstetica.WebApi)" with arguments ([""]) - ModelState is Valid
2018-09-17 00:24:18.413 -03:00 [Information] Executing ObjectResult, writing value "Microsoft.AspNetCore.Mvc.ControllerContext".
2018-09-17 00:24:18.413 -03:00 [Information] Executed action "ClinicaVivaEstetica.WebApi.Controllers.Customer.Get.CustomersController.Get (ClinicaVivaEstetica.WebApi)" in 61.8428ms
2018-09-17 00:24:18.414 -03:00 [Information] Request finished in 62.4045ms 200 application/json; charset=utf-8
2018-09-17 00:24:20.573 -03:00 [Information] Request starting HTTP/1.1 GET http://localhost:54878/api/Customers  
2018-09-17 00:24:20.578 -03:00 [Information] Executing action method "ClinicaVivaEstetica.WebApi.Controllers.Customer.Get.CustomersController.Get (ClinicaVivaEstetica.WebApi)" with arguments ([""]) - ModelState is Valid
2018-09-17 00:24:20.593 -03:00 [Information] Executing ObjectResult, writing value "Microsoft.AspNetCore.Mvc.ControllerContext".
2018-09-17 00:24:20.593 -03:00 [Information] Executed action "ClinicaVivaEstetica.WebApi.Controllers.Customer.Get.CustomersController.Get (ClinicaVivaEstetica.WebApi)" in 19.7738ms
2018-09-17 00:24:20.593 -03:00 [Information] Request finished in 20.133ms 200 application/json; charset=utf-8
2018-09-17 00:24:21.462 -03:00 [Information] Request starting HTTP/1.1 GET http://localhost:54878/api/Customers  
2018-09-17 00:24:21.468 -03:00 [Information] Executing action method "ClinicaVivaEstetica.WebApi.Controllers.Customer.Get.CustomersController.Get (ClinicaVivaEstetica.WebApi)" with arguments ([""]) - ModelState is Valid
2018-09-17 00:24:21.499 -03:00 [Information] Executing ObjectResult, writing value "Microsoft.AspNetCore.Mvc.ControllerContext".
2018-09-17 00:24:21.499 -03:00 [Information] Executed action "ClinicaVivaEstetica.WebApi.Controllers.Customer.Get.CustomersController.Get (ClinicaVivaEstetica.WebApi)" in 36.7476ms
2018-09-17 00:24:21.506 -03:00 [Information] Request finished in 43.7005ms 200 application/json; charset=utf-8
2018-09-17 00:24:21.570 -03:00 [Information] Request starting HTTP/1.1 GET http://localhost:54878/api/Customers  
2018-09-17 00:24:21.581 -03:00 [Information] Executing action method "ClinicaVivaEstetica.WebApi.Controllers.Customer.Get.CustomersController.Get (ClinicaVivaEstetica.WebApi)" with arguments ([""]) - ModelState is Valid
2018-09-17 00:24:21.626 -03:00 [Information] Executing ObjectResult, writing value "Microsoft.AspNetCore.Mvc.ControllerContext".
2018-09-17 00:24:21.627 -03:00 [Information] Executed action "ClinicaVivaEstetica.WebApi.Controllers.Customer.Get.CustomersController.Get (ClinicaVivaEstetica.WebApi)" in 53.1103ms
2018-09-17 00:24:21.635 -03:00 [Information] Request finished in 65.1745ms 200 application/json; charset=utf-8
2018-09-17 00:24:21.700 -03:00 [Information] Request starting HTTP/1.1 GET http://localhost:54878/api/Customers  
2018-09-17 00:24:21.712 -03:00 [Information] Executing action method "ClinicaVivaEstetica.WebApi.Controllers.Customer.Get.CustomersController.Get (ClinicaVivaEstetica.WebApi)" with arguments ([""]) - ModelState is Valid
2018-09-17 00:24:21.769 -03:00 [Information] Executing ObjectResult, writing value "Microsoft.AspNetCore.Mvc.ControllerContext".
2018-09-17 00:24:21.770 -03:00 [Information] Executed action "ClinicaVivaEstetica.WebApi.Controllers.Customer.Get.CustomersController.Get (ClinicaVivaEstetica.WebApi)" in 69.8192ms
2018-09-17 00:24:21.772 -03:00 [Information] Request finished in 72.547ms 200 application/json; charset=utf-8
2018-09-17 00:24:21.833 -03:00 [Information] Request starting HTTP/1.1 GET http://localhost:54878/api/Customers  
2018-09-17 00:24:21.840 -03:00 [Information] Executing action method "ClinicaVivaEstetica.WebApi.Controllers.Customer.Get.CustomersController.Get (ClinicaVivaEstetica.WebApi)" with arguments ([""]) - ModelState is Valid
2018-09-17 00:24:21.855 -03:00 [Information] Request starting HTTP/1.1 GET http://localhost:54878/api/Customers  
2018-09-17 00:24:21.861 -03:00 [Information] Executing action method "ClinicaVivaEstetica.WebApi.Controllers.Customer.Get.CustomersController.Get (ClinicaVivaEstetica.WebApi)" with arguments ([""]) - ModelState is Valid
2018-09-17 00:24:21.862 -03:00 [Information] Executing ObjectResult, writing value "Microsoft.AspNetCore.Mvc.ControllerContext".
2018-09-17 00:24:21.863 -03:00 [Information] Executed action "ClinicaVivaEstetica.WebApi.Controllers.Customer.Get.CustomersController.Get (ClinicaVivaEstetica.WebApi)" in 29.9996ms
2018-09-17 00:24:21.864 -03:00 [Information] Request finished in 31.0236ms 200 application/json; charset=utf-8
2018-09-17 00:24:21.939 -03:00 [Information] Request starting HTTP/1.1 GET http://localhost:54878/api/Customers  
2018-09-17 00:24:21.945 -03:00 [Information] Executing action method "ClinicaVivaEstetica.WebApi.Controllers.Customer.Get.CustomersController.Get (ClinicaVivaEstetica.WebApi)" with arguments ([""]) - ModelState is Valid
2018-09-17 00:24:21.955 -03:00 [Information] Executing ObjectResult, writing value "Microsoft.AspNetCore.Mvc.ControllerContext".
2018-09-17 00:24:21.955 -03:00 [Information] Executed action "ClinicaVivaEstetica.WebApi.Controllers.Customer.Get.CustomersController.Get (ClinicaVivaEstetica.WebApi)" in 100.0411ms
2018-09-17 00:24:21.955 -03:00 [Information] Request finished in 100.4986ms 200 application/json; charset=utf-8
2018-09-17 00:24:21.975 -03:00 [Information] Executing ObjectResult, writing value "Microsoft.AspNetCore.Mvc.ControllerContext".
2018-09-17 00:24:21.976 -03:00 [Information] Executed action "ClinicaVivaEstetica.WebApi.Controllers.Customer.Get.CustomersController.Get (ClinicaVivaEstetica.WebApi)" in 36.0832ms
2018-09-17 00:24:21.976 -03:00 [Information] Request finished in 36.6781ms 200 application/json; charset=utf-8
2018-09-17 00:24:21.995 -03:00 [Information] Request starting HTTP/1.1 GET http://localhost:54878/api/Customers  
2018-09-17 00:24:22.000 -03:00 [Information] Executing action method "ClinicaVivaEstetica.WebApi.Controllers.Customer.Get.CustomersController.Get (ClinicaVivaEstetica.WebApi)" with arguments ([""]) - ModelState is Valid
2018-09-17 00:24:22.055 -03:00 [Information] Executing ObjectResult, writing value "Microsoft.AspNetCore.Mvc.ControllerContext".
2018-09-17 00:24:22.055 -03:00 [Information] Executed action "ClinicaVivaEstetica.WebApi.Controllers.Customer.Get.CustomersController.Get (ClinicaVivaEstetica.WebApi)" in 59.9728ms
2018-09-17 00:24:22.055 -03:00 [Information] Request finished in 60.4398ms 200 application/json; charset=utf-8
2018-09-17 00:24:22.105 -03:00 [Information] Request starting HTTP/1.1 GET http://localhost:54878/api/Customers  
2018-09-17 00:24:22.110 -03:00 [Information] Executing action method "ClinicaVivaEstetica.WebApi.Controllers.Customer.Get.CustomersController.Get (ClinicaVivaEstetica.WebApi)" with arguments ([""]) - ModelState is Valid
2018-09-17 00:24:22.137 -03:00 [Information] Executing ObjectResult, writing value "Microsoft.AspNetCore.Mvc.ControllerContext".
2018-09-17 00:24:22.137 -03:00 [Information] Executed action "ClinicaVivaEstetica.WebApi.Controllers.Customer.Get.CustomersController.Get (ClinicaVivaEstetica.WebApi)" in 31.6797ms
2018-09-17 00:24:22.138 -03:00 [Information] Request finished in 32.2584ms 200 application/json; charset=utf-8
2018-09-17 00:24:22.288 -03:00 [Information] Request starting HTTP/1.1 GET http://localhost:54878/api/Customers  
2018-09-17 00:24:22.292 -03:00 [Information] Executing action method "ClinicaVivaEstetica.WebApi.Controllers.Customer.Get.CustomersController.Get (ClinicaVivaEstetica.WebApi)" with arguments ([""]) - ModelState is Valid
2018-09-17 00:24:22.311 -03:00 [Information] Executing ObjectResult, writing value "Microsoft.AspNetCore.Mvc.ControllerContext".
2018-09-17 00:24:22.311 -03:00 [Information] Request starting HTTP/1.1 GET http://localhost:54878/api/Customers  
2018-09-17 00:24:22.311 -03:00 [Information] Executed action "ClinicaVivaEstetica.WebApi.Controllers.Customer.Get.CustomersController.Get (ClinicaVivaEstetica.WebApi)" in 22.984ms
2018-09-17 00:24:22.312 -03:00 [Information] Request finished in 24.2231ms 200 application/json; charset=utf-8
2018-09-17 00:24:22.320 -03:00 [Information] Executing action method "ClinicaVivaEstetica.WebApi.Controllers.Customer.Get.CustomersController.Get (ClinicaVivaEstetica.WebApi)" with arguments ([""]) - ModelState is Valid
2018-09-17 00:24:22.338 -03:00 [Information] Executing ObjectResult, writing value "Microsoft.AspNetCore.Mvc.ControllerContext".
2018-09-17 00:24:22.338 -03:00 [Information] Executed action "ClinicaVivaEstetica.WebApi.Controllers.Customer.Get.CustomersController.Get (ClinicaVivaEstetica.WebApi)" in 27.198ms
2018-09-17 00:24:22.338 -03:00 [Information] Request finished in 27.6113ms 200 application/json; charset=utf-8
2018-09-17 00:24:22.362 -03:00 [Information] Request starting HTTP/1.1 GET http://localhost:54878/api/Customers  
2018-09-17 00:24:22.368 -03:00 [Information] Executing action method "ClinicaVivaEstetica.WebApi.Controllers.Customer.Get.CustomersController.Get (ClinicaVivaEstetica.WebApi)" with arguments ([""]) - ModelState is Valid
2018-09-17 00:24:22.390 -03:00 [Information] Executing ObjectResult, writing value "Microsoft.AspNetCore.Mvc.ControllerContext".
2018-09-17 00:24:22.390 -03:00 [Information] Executed action "ClinicaVivaEstetica.WebApi.Controllers.Customer.Get.CustomersController.Get (ClinicaVivaEstetica.WebApi)" in 27.2434ms
2018-09-17 00:24:22.391 -03:00 [Information] Request finished in 27.6788ms 200 application/json; charset=utf-8
2018-09-17 00:24:22.540 -03:00 [Information] Request starting HTTP/1.1 GET http://localhost:54878/api/Customers  
2018-09-17 00:24:22.545 -03:00 [Information] Executing action method "ClinicaVivaEstetica.WebApi.Controllers.Customer.Get.CustomersController.Get (ClinicaVivaEstetica.WebApi)" with arguments ([""]) - ModelState is Valid
2018-09-17 00:24:22.562 -03:00 [Information] Executing ObjectResult, writing value "Microsoft.AspNetCore.Mvc.ControllerContext".
2018-09-17 00:24:22.562 -03:00 [Information] Executed action "ClinicaVivaEstetica.WebApi.Controllers.Customer.Get.CustomersController.Get (ClinicaVivaEstetica.WebApi)" in 21.9003ms
2018-09-17 00:24:22.562 -03:00 [Information] Request finished in 22.3488ms 200 application/json; charset=utf-8
2018-09-17 00:24:22.617 -03:00 [Information] Request starting HTTP/1.1 GET http://localhost:54878/api/Customers  
2018-09-17 00:24:22.622 -03:00 [Information] Executing action method "ClinicaVivaEstetica.WebApi.Controllers.Customer.Get.CustomersController.Get (ClinicaVivaEstetica.WebApi)" with arguments ([""]) - ModelState is Valid
2018-09-17 00:24:22.641 -03:00 [Information] Executing ObjectResult, writing value "Microsoft.AspNetCore.Mvc.ControllerContext".
2018-09-17 00:24:22.641 -03:00 [Information] Executed action "ClinicaVivaEstetica.WebApi.Controllers.Customer.Get.CustomersController.Get (ClinicaVivaEstetica.WebApi)" in 23.7885ms
2018-09-17 00:24:22.642 -03:00 [Information] Request finished in 24.7ms 200 application/json; charset=utf-8
2018-09-17 00:24:26.145 -03:00 [Information] Request starting HTTP/1.1 GET http://localhost:54878/api/Customers  
2018-09-17 00:24:26.150 -03:00 [Information] Executing action method "ClinicaVivaEstetica.WebApi.Controllers.Customer.Get.CustomersController.Get (ClinicaVivaEstetica.WebApi)" with arguments ([""]) - ModelState is Valid
2018-09-17 00:24:26.166 -03:00 [Information] Executing ObjectResult, writing value "Microsoft.AspNetCore.Mvc.ControllerContext".
2018-09-17 00:24:26.167 -03:00 [Information] Executed action "ClinicaVivaEstetica.WebApi.Controllers.Customer.Get.CustomersController.Get (ClinicaVivaEstetica.WebApi)" in 21.0074ms
2018-09-17 00:24:26.167 -03:00 [Information] Request finished in 21.4483ms 200 application/json; charset=utf-8
2018-09-17 00:24:27.059 -03:00 [Information] Request starting HTTP/1.1 GET http://localhost:54878/api/Services  
2018-09-17 00:24:27.063 -03:00 [Information] Executing action method "ClinicaVivaEstetica.WebApi.Controllers.Service.Get.ServicesController.Get (ClinicaVivaEstetica.WebApi)" with arguments ([""]) - ModelState is Valid
2018-09-17 00:24:27.074 -03:00 [Information] Executing ObjectResult, writing value "Microsoft.AspNetCore.Mvc.ControllerContext".
2018-09-17 00:24:27.074 -03:00 [Information] Executed action "ClinicaVivaEstetica.WebApi.Controllers.Service.Get.ServicesController.Get (ClinicaVivaEstetica.WebApi)" in 14.6715ms
2018-09-17 00:24:27.074 -03:00 [Information] Request finished in 15.0209ms 200 application/json; charset=utf-8
2018-09-17 00:24:28.480 -03:00 [Information] Request starting HTTP/1.1 GET http://localhost:54878/api/Customers  
2018-09-17 00:24:28.484 -03:00 [Information] Executing action method "ClinicaVivaEstetica.WebApi.Controllers.Customer.Get.CustomersController.Get (ClinicaVivaEstetica.WebApi)" with arguments ([""]) - ModelState is Valid
2018-09-17 00:24:28.500 -03:00 [Information] Executing ObjectResult, writing value "Microsoft.AspNetCore.Mvc.ControllerContext".
2018-09-17 00:24:28.500 -03:00 [Information] Executed action "ClinicaVivaEstetica.WebApi.Controllers.Customer.Get.CustomersController.Get (ClinicaVivaEstetica.WebApi)" in 19.921ms
2018-09-17 00:24:28.500 -03:00 [Information] Request finished in 20.3782ms 200 application/json; charset=utf-8
2018-09-17 00:25:10.089 -03:00 [Information] Request starting HTTP/1.1 GET http://localhost:54878/api/Customers  
2018-09-17 00:25:10.095 -03:00 [Information] Executing action method "ClinicaVivaEstetica.WebApi.Controllers.Customer.Get.CustomersController.Get (ClinicaVivaEstetica.WebApi)" with arguments ([""]) - ModelState is Valid
2018-09-17 00:25:10.112 -03:00 [Information] Executing ObjectResult, writing value "Microsoft.AspNetCore.Mvc.ControllerContext".
2018-09-17 00:25:10.112 -03:00 [Information] Executed action "ClinicaVivaEstetica.WebApi.Controllers.Customer.Get.CustomersController.Get (ClinicaVivaEstetica.WebApi)" in 23.1296ms
2018-09-17 00:25:10.113 -03:00 [Information] Request finished in 23.7328ms 200 application/json; charset=utf-8
2018-09-17 00:25:17.470 -03:00 [Information] Request starting HTTP/1.1 GET http://localhost:54878/api/Customers/b97d0d14-966c-424a-ba52-5c2bdfece9c5  
2018-09-17 00:25:17.482 -03:00 [Information] Executing action method "ClinicaVivaEstetica.WebApi.Controllers.Customer.Get.CustomersController.Get (ClinicaVivaEstetica.WebApi)" with arguments (["b97d0d14-966c-424a-ba52-5c2bdfece9c5"]) - ModelState is Valid
2018-09-17 00:25:17.762 -03:00 [Information] Executing ObjectResult, writing value "Microsoft.AspNetCore.Mvc.ControllerContext".
2018-09-17 00:25:17.765 -03:00 [Information] Executed action "ClinicaVivaEstetica.WebApi.Controllers.Customer.Get.CustomersController.Get (ClinicaVivaEstetica.WebApi)" in 293.4292ms
2018-09-17 00:25:17.766 -03:00 [Information] Request finished in 295.913ms 200 application/json; charset=utf-8
2018-09-17 00:25:25.312 -03:00 [Information] Request starting HTTP/1.1 GET http://localhost:54878/api/Services  
2018-09-17 00:25:25.316 -03:00 [Information] Executing action method "ClinicaVivaEstetica.WebApi.Controllers.Service.Get.ServicesController.Get (ClinicaVivaEstetica.WebApi)" with arguments ([""]) - ModelState is Valid
2018-09-17 00:25:25.327 -03:00 [Information] Executing ObjectResult, writing value "Microsoft.AspNetCore.Mvc.ControllerContext".
2018-09-17 00:25:25.327 -03:00 [Information] Executed action "ClinicaVivaEstetica.WebApi.Controllers.Service.Get.ServicesController.Get (ClinicaVivaEstetica.WebApi)" in 14.934ms
2018-09-17 00:25:25.327 -03:00 [Information] Request finished in 15.482ms 200 application/json; charset=utf-8
2018-09-17 00:25:27.065 -03:00 [Information] Request starting HTTP/1.1 GET http://localhost:54878/api/Customers  
2018-09-17 00:25:27.072 -03:00 [Information] Executing action method "ClinicaVivaEstetica.WebApi.Controllers.Customer.Get.CustomersController.Get (ClinicaVivaEstetica.WebApi)" with arguments ([""]) - ModelState is Valid
2018-09-17 00:25:27.084 -03:00 [Information] Executing ObjectResult, writing value "Microsoft.AspNetCore.Mvc.ControllerContext".
2018-09-17 00:25:27.084 -03:00 [Information] Executed action "ClinicaVivaEstetica.WebApi.Controllers.Customer.Get.CustomersController.Get (ClinicaVivaEstetica.WebApi)" in 15.6497ms
2018-09-17 00:25:27.084 -03:00 [Information] Request finished in 21.2281ms 200 application/json; charset=utf-8
2018-09-17 00:25:29.282 -03:00 [Information] Request starting HTTP/1.1 GET http://localhost:54878/api/Services  
2018-09-17 00:25:29.290 -03:00 [Information] Executing action method "ClinicaVivaEstetica.WebApi.Controllers.Service.Get.ServicesController.Get (ClinicaVivaEstetica.WebApi)" with arguments ([""]) - ModelState is Valid
2018-09-17 00:25:29.307 -03:00 [Information] Executing ObjectResult, writing value "Microsoft.AspNetCore.Mvc.ControllerContext".
2018-09-17 00:25:29.307 -03:00 [Information] Executed action "ClinicaVivaEstetica.WebApi.Controllers.Service.Get.ServicesController.Get (ClinicaVivaEstetica.WebApi)" in 24.8294ms
2018-09-17 00:25:29.307 -03:00 [Information] Request finished in 25.3178ms 200 application/json; charset=utf-8
2018-09-17 21:07:17.045 -03:00 [Information] User profile is available. Using '"C:\Users\mario.neto\AppData\Local\ASP.NET\DataProtection-Keys"' as key repository and Windows DPAPI to encrypt keys at rest.
2018-09-17 21:07:21.617 -03:00 [Information] Request starting HTTP/1.1 GET http://localhost:54878/swagger/  
2018-09-17 21:07:22.016 -03:00 [Information] Sending file. Request path: '"/index.html"'. Physical path: '"N/A"'
2018-09-17 21:07:22.041 -03:00 [Information] Request finished in 440.6508ms 200 text/html
2018-09-17 21:07:24.120 -03:00 [Information] Request starting HTTP/1.1 GET http://localhost:54878/swagger/  
2018-09-17 21:07:24.122 -03:00 [Information] Sending file. Request path: '"/index.html"'. Physical path: '"N/A"'
2018-09-17 21:07:24.123 -03:00 [Information] Request finished in 2.3199ms 200 text/html
2018-09-17 21:07:29.181 -03:00 [Information] Request starting HTTP/1.1 GET http://localhost:54878/swagger/v1/swagger.json  
2018-09-17 21:07:29.675 -03:00 [Information] Request finished in 494.4639ms 200 application/json
2018-09-17 21:07:45.077 -03:00 [Information] Request starting HTTP/1.1 GET http://localhost:54878/api/Customers  
2018-09-17 21:07:45.552 -03:00 [Information] Executing action method "ClinicaVivaEstetica.WebApi.Controllers.Customer.Get.CustomersController.Get (ClinicaVivaEstetica.WebApi)" with arguments ([""]) - ModelState is Valid
2018-09-17 21:07:46.381 -03:00 [Information] Executing ObjectResult, writing value "Microsoft.AspNetCore.Mvc.ControllerContext".
2018-09-17 21:07:46.410 -03:00 [Information] Executed action "ClinicaVivaEstetica.WebApi.Controllers.Customer.Get.CustomersController.Get (ClinicaVivaEstetica.WebApi)" in 1205.217ms
2018-09-17 21:07:46.410 -03:00 [Information] Request finished in 1333.2631ms 200 application/json; charset=utf-8
2018-09-17 21:07:54.335 -03:00 [Information] Request starting HTTP/1.1 GET http://localhost:54878/api/Services  
2018-09-17 21:07:54.354 -03:00 [Information] Executing action method "ClinicaVivaEstetica.WebApi.Controllers.Service.Get.ServicesController.Get (ClinicaVivaEstetica.WebApi)" with arguments ([""]) - ModelState is Valid
2018-09-17 21:07:54.431 -03:00 [Information] Executing ObjectResult, writing value "Microsoft.AspNetCore.Mvc.ControllerContext".
2018-09-17 21:07:54.442 -03:00 [Information] Executed action "ClinicaVivaEstetica.WebApi.Controllers.Service.Get.ServicesController.Get (ClinicaVivaEstetica.WebApi)" in 98.2936ms
2018-09-17 21:07:54.443 -03:00 [Information] Request finished in 107.7437ms 200 application/json; charset=utf-8
2018-09-17 21:07:57.067 -03:00 [Information] Request starting HTTP/1.1 GET http://localhost:54878/api/Customers  
2018-09-17 21:07:57.072 -03:00 [Information] Executing action method "ClinicaVivaEstetica.WebApi.Controllers.Customer.Get.CustomersController.Get (ClinicaVivaEstetica.WebApi)" with arguments ([""]) - ModelState is Valid
2018-09-17 21:07:57.088 -03:00 [Information] Executing ObjectResult, writing value "Microsoft.AspNetCore.Mvc.ControllerContext".
2018-09-17 21:07:57.088 -03:00 [Information] Executed action "ClinicaVivaEstetica.WebApi.Controllers.Customer.Get.CustomersController.Get (ClinicaVivaEstetica.WebApi)" in 20.6146ms
2018-09-17 21:07:57.088 -03:00 [Information] Request finished in 21.2893ms 200 application/json; charset=utf-8
2018-09-17 21:08:01.144 -03:00 [Information] Request starting HTTP/1.1 GET http://localhost:54878/api/Customers  
2018-09-17 21:08:01.150 -03:00 [Information] Executing action method "ClinicaVivaEstetica.WebApi.Controllers.Customer.Get.CustomersController.Get (ClinicaVivaEstetica.WebApi)" with arguments ([""]) - ModelState is Valid
2018-09-17 21:08:01.165 -03:00 [Information] Executing ObjectResult, writing value "Microsoft.AspNetCore.Mvc.ControllerContext".
2018-09-17 21:08:01.165 -03:00 [Information] Executed action "ClinicaVivaEstetica.WebApi.Controllers.Customer.Get.CustomersController.Get (ClinicaVivaEstetica.WebApi)" in 20.9403ms
2018-09-17 21:08:01.166 -03:00 [Information] Request finished in 21.3524ms 200 application/json; charset=utf-8
2018-09-17 21:08:02.719 -03:00 [Information] Request starting HTTP/1.1 GET http://localhost:54878/api/Services  
2018-09-17 21:08:02.726 -03:00 [Information] Executing action method "ClinicaVivaEstetica.WebApi.Controllers.Service.Get.ServicesController.Get (ClinicaVivaEstetica.WebApi)" with arguments ([""]) - ModelState is Valid
2018-09-17 21:08:02.739 -03:00 [Information] Executing ObjectResult, writing value "Microsoft.AspNetCore.Mvc.ControllerContext".
2018-09-17 21:08:02.739 -03:00 [Information] Executed action "ClinicaVivaEstetica.WebApi.Controllers.Service.Get.ServicesController.Get (ClinicaVivaEstetica.WebApi)" in 19.4521ms
2018-09-17 21:08:02.740 -03:00 [Information] Request finished in 20.7757ms 200 application/json; charset=utf-8
2018-09-17 21:08:24.774 -03:00 [Information] Request starting HTTP/1.1 GET http://localhost:54878/api/Customers  
2018-09-17 21:08:24.779 -03:00 [Information] Executing action method "ClinicaVivaEstetica.WebApi.Controllers.Customer.Get.CustomersController.Get (ClinicaVivaEstetica.WebApi)" with arguments ([""]) - ModelState is Valid
2018-09-17 21:08:24.797 -03:00 [Information] Executing ObjectResult, writing value "Microsoft.AspNetCore.Mvc.ControllerContext".
2018-09-17 21:08:24.797 -03:00 [Information] Executed action "ClinicaVivaEstetica.WebApi.Controllers.Customer.Get.CustomersController.Get (ClinicaVivaEstetica.WebApi)" in 23.2256ms
2018-09-17 21:08:24.797 -03:00 [Information] Request finished in 23.7794ms 200 application/json; charset=utf-8
2018-09-17 21:09:14.696 -03:00 [Information] Request starting HTTP/1.1 GET http://localhost:54878/api/Customers  
2018-09-17 21:09:14.702 -03:00 [Information] Executing action method "ClinicaVivaEstetica.WebApi.Controllers.Customer.Get.CustomersController.Get (ClinicaVivaEstetica.WebApi)" with arguments ([""]) - ModelState is Valid
2018-09-17 21:09:14.721 -03:00 [Information] Executing ObjectResult, writing value "Microsoft.AspNetCore.Mvc.ControllerContext".
2018-09-17 21:09:14.721 -03:00 [Information] Executed action "ClinicaVivaEstetica.WebApi.Controllers.Customer.Get.CustomersController.Get (ClinicaVivaEstetica.WebApi)" in 24.2211ms
2018-09-17 21:09:14.721 -03:00 [Information] Request finished in 24.6692ms 200 application/json; charset=utf-8
2018-09-17 21:13:40.771 -03:00 [Information] User profile is available. Using '"C:\Users\mario.neto\AppData\Local\ASP.NET\DataProtection-Keys"' as key repository and Windows DPAPI to encrypt keys at rest.
2018-09-17 21:13:46.814 -03:00 [Information] Request starting HTTP/1.1 GET http://localhost:54878/swagger/  
2018-09-17 21:13:47.674 -03:00 [Information] Sending file. Request path: '"/index.html"'. Physical path: '"N/A"'
2018-09-17 21:13:47.742 -03:00 [Information] Request finished in 961.0827ms 200 text/html
2018-09-17 21:13:51.838 -03:00 [Information] Request starting HTTP/1.1 GET http://localhost:54878/swagger/v1/swagger.json  
2018-09-17 21:13:52.171 -03:00 [Information] Request finished in 332.6967ms 200 application/json
2018-09-17 21:21:42.340 -03:00 [Information] Request starting HTTP/1.1 GET http://localhost:54878/api/Customers  
2018-09-17 21:21:42.781 -03:00 [Information] Executing action method "ClinicaVivaEstetica.WebApi.Controllers.Customer.Get.CustomersController.Get (ClinicaVivaEstetica.WebApi)" with arguments ([""]) - ModelState is Valid
2018-09-17 21:21:43.565 -03:00 [Information] Executing ObjectResult, writing value "Microsoft.AspNetCore.Mvc.ControllerContext".
2018-09-17 21:21:43.591 -03:00 [Information] Executed action "ClinicaVivaEstetica.WebApi.Controllers.Customer.Get.CustomersController.Get (ClinicaVivaEstetica.WebApi)" in 1173.2613ms
2018-09-17 21:21:43.592 -03:00 [Information] Request finished in 1252.2145ms 200 application/json; charset=utf-8
2018-09-17 21:21:46.641 -03:00 [Information] Request starting HTTP/1.1 GET http://localhost:54878/api/Services  
2018-09-17 21:21:46.657 -03:00 [Information] Executing action method "ClinicaVivaEstetica.WebApi.Controllers.Service.Get.ServicesController.Get (ClinicaVivaEstetica.WebApi)" with arguments ([""]) - ModelState is Valid
2018-09-17 21:21:46.731 -03:00 [Information] Executing ObjectResult, writing value "Microsoft.AspNetCore.Mvc.ControllerContext".
2018-09-17 21:21:46.741 -03:00 [Information] Executed action "ClinicaVivaEstetica.WebApi.Controllers.Service.Get.ServicesController.Get (ClinicaVivaEstetica.WebApi)" in 92.812ms
2018-09-17 21:21:46.741 -03:00 [Information] Request finished in 100.4782ms 200 application/json; charset=utf-8
2018-09-17 21:21:48.925 -03:00 [Information] Request starting HTTP/1.1 GET http://localhost:54878/api/Customers  
2018-09-17 21:21:48.930 -03:00 [Information] Executing action method "ClinicaVivaEstetica.WebApi.Controllers.Customer.Get.CustomersController.Get (ClinicaVivaEstetica.WebApi)" with arguments ([""]) - ModelState is Valid
2018-09-17 21:21:48.945 -03:00 [Information] Executing ObjectResult, writing value "Microsoft.AspNetCore.Mvc.ControllerContext".
2018-09-17 21:21:48.946 -03:00 [Information] Executed action "ClinicaVivaEstetica.WebApi.Controllers.Customer.Get.CustomersController.Get (ClinicaVivaEstetica.WebApi)" in 20.5455ms
2018-09-17 21:21:48.946 -03:00 [Information] Request finished in 21.3801ms 200 application/json; charset=utf-8
2018-09-17 21:21:50.967 -03:00 [Information] Request starting HTTP/1.1 GET http://localhost:54878/api/Services  
2018-09-17 21:21:50.973 -03:00 [Information] Executing action method "ClinicaVivaEstetica.WebApi.Controllers.Service.Get.ServicesController.Get (ClinicaVivaEstetica.WebApi)" with arguments ([""]) - ModelState is Valid
2018-09-17 21:21:51.012 -03:00 [Information] Executing ObjectResult, writing value "Microsoft.AspNetCore.Mvc.ControllerContext".
2018-09-17 21:21:51.012 -03:00 [Information] Executed action "ClinicaVivaEstetica.WebApi.Controllers.Service.Get.ServicesController.Get (ClinicaVivaEstetica.WebApi)" in 45.1094ms
2018-09-17 21:21:51.014 -03:00 [Information] Request finished in 47.4077ms 200 application/json; charset=utf-8
2018-09-17 21:21:56.639 -03:00 [Information] Request starting HTTP/1.1 GET http://localhost:54878/api/Customers  
2018-09-17 21:21:56.645 -03:00 [Information] Executing action method "ClinicaVivaEstetica.WebApi.Controllers.Customer.Get.CustomersController.Get (ClinicaVivaEstetica.WebApi)" with arguments ([""]) - ModelState is Valid
2018-09-17 21:21:56.660 -03:00 [Information] Executing ObjectResult, writing value "Microsoft.AspNetCore.Mvc.ControllerContext".
2018-09-17 21:21:56.661 -03:00 [Information] Executed action "ClinicaVivaEstetica.WebApi.Controllers.Customer.Get.CustomersController.Get (ClinicaVivaEstetica.WebApi)" in 21.161ms
2018-09-17 21:21:56.661 -03:00 [Information] Request finished in 22.048ms 200 application/json; charset=utf-8
2018-09-17 21:22:19.457 -03:00 [Information] Request starting HTTP/1.1 POST http://localhost:54878/api/Customers application/json; charset=utf-8 128
2018-09-17 21:22:19.515 -03:00 [Information] Executing action method "ClinicaVivaEstetica.WebApi.Controllers.Customer.Create.CustomersController.Post (ClinicaVivaEstetica.WebApi)" with arguments (["ClinicaVivaEstetica.WebApi.Model.CreateCustomerRequest"]) - ModelState is Valid
2018-09-17 21:22:20.228 -03:00 [Information] Executing ObjectResult, writing value "Microsoft.AspNetCore.Mvc.ControllerContext".
2018-09-17 21:22:20.231 -03:00 [Information] Executed action "ClinicaVivaEstetica.WebApi.Controllers.Customer.Create.CustomersController.Post (ClinicaVivaEstetica.WebApi)" in 767.1648ms
2018-09-17 21:22:20.236 -03:00 [Information] Request finished in 778.1667ms 200 application/json; charset=utf-8
2018-09-17 21:22:20.282 -03:00 [Information] Request starting HTTP/1.1 GET http://localhost:54878/api/Customers  
2018-09-17 21:22:20.288 -03:00 [Information] Executing action method "ClinicaVivaEstetica.WebApi.Controllers.Customer.Get.CustomersController.Get (ClinicaVivaEstetica.WebApi)" with arguments ([""]) - ModelState is Valid
2018-09-17 21:22:20.302 -03:00 [Information] Executing ObjectResult, writing value "Microsoft.AspNetCore.Mvc.ControllerContext".
2018-09-17 21:22:20.303 -03:00 [Information] Executed action "ClinicaVivaEstetica.WebApi.Controllers.Customer.Get.CustomersController.Get (ClinicaVivaEstetica.WebApi)" in 19.8871ms
2018-09-17 21:22:20.303 -03:00 [Information] Request finished in 23.4719ms 200 application/json; charset=utf-8
2018-09-17 21:22:35.340 -03:00 [Information] Request starting HTTP/1.1 GET http://localhost:54878/api/Services  
2018-09-17 21:22:35.345 -03:00 [Information] Executing action method "ClinicaVivaEstetica.WebApi.Controllers.Service.Get.ServicesController.Get (ClinicaVivaEstetica.WebApi)" with arguments ([""]) - ModelState is Valid
2018-09-17 21:22:35.360 -03:00 [Information] Executing ObjectResult, writing value "Microsoft.AspNetCore.Mvc.ControllerContext".
2018-09-17 21:22:35.360 -03:00 [Information] Executed action "ClinicaVivaEstetica.WebApi.Controllers.Service.Get.ServicesController.Get (ClinicaVivaEstetica.WebApi)" in 19.2949ms
2018-09-17 21:22:35.360 -03:00 [Information] Request finished in 19.895ms 200 application/json; charset=utf-8
2018-09-17 21:23:29.630 -03:00 [Information] Request starting HTTP/1.1 GET http://localhost:54878/api/Customers  
2018-09-17 21:23:29.635 -03:00 [Information] Executing action method "ClinicaVivaEstetica.WebApi.Controllers.Customer.Get.CustomersController.Get (ClinicaVivaEstetica.WebApi)" with arguments ([""]) - ModelState is Valid
2018-09-17 21:23:29.650 -03:00 [Information] Executing ObjectResult, writing value "Microsoft.AspNetCore.Mvc.ControllerContext".
2018-09-17 21:23:29.650 -03:00 [Information] Executed action "ClinicaVivaEstetica.WebApi.Controllers.Customer.Get.CustomersController.Get (ClinicaVivaEstetica.WebApi)" in 20.2057ms
2018-09-17 21:23:29.651 -03:00 [Information] Request finished in 20.8345ms 200 application/json; charset=utf-8
2018-09-17 21:23:33.238 -03:00 [Information] Request starting HTTP/1.1 GET http://localhost:54878/api/Services  
2018-09-17 21:23:33.243 -03:00 [Information] Executing action method "ClinicaVivaEstetica.WebApi.Controllers.Service.Get.ServicesController.Get (ClinicaVivaEstetica.WebApi)" with arguments ([""]) - ModelState is Valid
2018-09-17 21:23:33.261 -03:00 [Information] Executing ObjectResult, writing value "Microsoft.AspNetCore.Mvc.ControllerContext".
2018-09-17 21:23:33.261 -03:00 [Information] Executed action "ClinicaVivaEstetica.WebApi.Controllers.Service.Get.ServicesController.Get (ClinicaVivaEstetica.WebApi)" in 22.3816ms
2018-09-17 21:23:33.261 -03:00 [Information] Request finished in 22.9204ms 200 application/json; charset=utf-8
2018-09-17 23:08:19.844 -03:00 [Information] User profile is available. Using '"C:\Users\mario.neto\AppData\Local\ASP.NET\DataProtection-Keys"' as key repository and Windows DPAPI to encrypt keys at rest.
2018-09-17 23:08:23.860 -03:00 [Information] Request starting HTTP/1.1 GET http://localhost:54878/swagger/  
2018-09-17 23:08:24.142 -03:00 [Information] Sending file. Request path: '"/index.html"'. Physical path: '"N/A"'
2018-09-17 23:08:24.237 -03:00 [Information] Request finished in 386.76ms 200 text/html
2018-09-17 23:08:28.097 -03:00 [Information] Request starting HTTP/1.1 GET http://localhost:54878/swagger/v1/swagger.json  
2018-09-17 23:08:28.446 -03:00 [Information] Request finished in 348.637ms 200 application/json
2018-09-17 23:09:07.966 -03:00 [Information] Request starting HTTP/1.1 GET http://localhost:54878/api/Schedules  
2018-09-17 23:09:08.574 -03:00 [Information] Executing action method "ClinicaVivaEstetica.WebApi.Controllers.Schedule.Get.SchedulesController.Get (ClinicaVivaEstetica.WebApi)" with arguments ([""]) - ModelState is Valid
2018-09-17 23:09:09.521 -03:00 [Information] Executing ObjectResult, writing value "Microsoft.AspNetCore.Mvc.ControllerContext".
2018-09-17 23:09:09.540 -03:00 [Information] Executed action "ClinicaVivaEstetica.WebApi.Controllers.Schedule.Get.SchedulesController.Get (ClinicaVivaEstetica.WebApi)" in 1450.5308ms
2018-09-17 23:09:09.540 -03:00 [Information] Request finished in 1574.3215ms 200 application/json; charset=utf-8
2018-09-17 23:09:12.690 -03:00 [Information] Request starting HTTP/1.1 GET http://localhost:54878/api/Customers  
2018-09-17 23:09:12.706 -03:00 [Information] Executing action method "ClinicaVivaEstetica.WebApi.Controllers.Customer.Get.CustomersController.Get (ClinicaVivaEstetica.WebApi)" with arguments ([""]) - ModelState is Valid
2018-09-17 23:09:12.910 -03:00 [Information] Executing ObjectResult, writing value "Microsoft.AspNetCore.Mvc.ControllerContext".
2018-09-17 23:09:12.925 -03:00 [Information] Executed action "ClinicaVivaEstetica.WebApi.Controllers.Customer.Get.CustomersController.Get (ClinicaVivaEstetica.WebApi)" in 228.5772ms
2018-09-17 23:09:12.925 -03:00 [Information] Request finished in 234.6632ms 200 application/json; charset=utf-8
2018-09-17 23:09:12.964 -03:00 [Information] Request starting HTTP/1.1 GET http://localhost:54878/api/Services  
2018-09-17 23:09:12.978 -03:00 [Information] Executing action method "ClinicaVivaEstetica.WebApi.Controllers.Service.Get.ServicesController.Get (ClinicaVivaEstetica.WebApi)" with arguments ([""]) - ModelState is Valid
2018-09-17 23:09:13.032 -03:00 [Information] Executing ObjectResult, writing value "Microsoft.AspNetCore.Mvc.ControllerContext".
2018-09-17 23:09:13.039 -03:00 [Information] Executed action "ClinicaVivaEstetica.WebApi.Controllers.Service.Get.ServicesController.Get (ClinicaVivaEstetica.WebApi)" in 68.5789ms
2018-09-17 23:09:13.039 -03:00 [Information] Request finished in 75.6194ms 200 application/json; charset=utf-8
2018-09-17 23:11:28.558 -03:00 [Information] User profile is available. Using '"C:\Users\mario.neto\AppData\Local\ASP.NET\DataProtection-Keys"' as key repository and Windows DPAPI to encrypt keys at rest.
2018-09-17 23:11:32.918 -03:00 [Information] Request starting HTTP/1.1 GET http://localhost:54878/swagger/  
2018-09-17 23:11:33.135 -03:00 [Information] Sending file. Request path: '"/index.html"'. Physical path: '"N/A"'
2018-09-17 23:11:33.156 -03:00 [Information] Request finished in 247.4451ms 200 text/html
2018-09-17 23:11:34.189 -03:00 [Information] Request starting HTTP/1.1 GET http://localhost:54878/swagger/v1/swagger.json  
2018-09-17 23:11:34.455 -03:00 [Information] Request finished in 265.06ms 200 application/json
2018-09-17 23:11:45.574 -03:00 [Information] Request starting HTTP/1.1 GET http://localhost:54878/api/Schedules  
2018-09-17 23:11:46.192 -03:00 [Information] Executing action method "ClinicaVivaEstetica.WebApi.Controllers.Schedule.Get.SchedulesController.Get (ClinicaVivaEstetica.WebApi)" with arguments ([""]) - ModelState is Valid
2018-09-17 23:11:46.829 -03:00 [Information] Executing ObjectResult, writing value "Microsoft.AspNetCore.Mvc.ControllerContext".
2018-09-17 23:11:46.850 -03:00 [Information] Executed action "ClinicaVivaEstetica.WebApi.Controllers.Schedule.Get.SchedulesController.Get (ClinicaVivaEstetica.WebApi)" in 1154.5142ms
2018-09-17 23:11:46.850 -03:00 [Information] Request finished in 1275.8692ms 200 application/json; charset=utf-8
2018-09-17 23:12:27.377 -03:00 [Information] User profile is available. Using '"C:\Users\mario.neto\AppData\Local\ASP.NET\DataProtection-Keys"' as key repository and Windows DPAPI to encrypt keys at rest.
2018-09-17 23:12:31.243 -03:00 [Information] Request starting HTTP/1.1 GET http://localhost:54878/swagger/  
2018-09-17 23:12:31.497 -03:00 [Information] Sending file. Request path: '"/index.html"'. Physical path: '"N/A"'
2018-09-17 23:12:31.538 -03:00 [Information] Request finished in 305.3869ms 200 text/html
2018-09-17 23:12:34.841 -03:00 [Information] Request starting HTTP/1.1 GET http://localhost:54878/swagger/v1/swagger.json  
2018-09-17 23:12:35.119 -03:00 [Information] Request finished in 278.025ms 200 application/json
2018-09-17 23:12:42.950 -03:00 [Information] Request starting HTTP/1.1 GET http://localhost:54878/api/Schedules  
2018-09-17 23:12:43.395 -03:00 [Information] Executing action method "ClinicaVivaEstetica.WebApi.Controllers.Schedule.Get.SchedulesController.Get (ClinicaVivaEstetica.WebApi)" with arguments ([""]) - ModelState is Valid
2018-09-17 23:12:44.035 -03:00 [Information] Executing ObjectResult, writing value "Microsoft.AspNetCore.Mvc.ControllerContext".
2018-09-17 23:12:44.050 -03:00 [Information] Executed action "ClinicaVivaEstetica.WebApi.Controllers.Schedule.Get.SchedulesController.Get (ClinicaVivaEstetica.WebApi)" in 1026.3828ms
2018-09-17 23:12:44.051 -03:00 [Information] Request finished in 1100.73ms 200 application/json; charset=utf-8
2018-09-17 23:12:46.332 -03:00 [Information] Request starting HTTP/1.1 GET http://localhost:54878/api/Customers  
2018-09-17 23:12:46.347 -03:00 [Information] Executing action method "ClinicaVivaEstetica.WebApi.Controllers.Customer.Get.CustomersController.Get (ClinicaVivaEstetica.WebApi)" with arguments ([""]) - ModelState is Valid
2018-09-17 23:12:46.539 -03:00 [Information] Executing ObjectResult, writing value "Microsoft.AspNetCore.Mvc.ControllerContext".
2018-09-17 23:12:46.548 -03:00 [Information] Executed action "ClinicaVivaEstetica.WebApi.Controllers.Customer.Get.CustomersController.Get (ClinicaVivaEstetica.WebApi)" in 209.5866ms
2018-09-17 23:12:46.548 -03:00 [Information] Request finished in 215.8439ms 200 application/json; charset=utf-8
2018-09-17 23:12:46.579 -03:00 [Information] Request starting HTTP/1.1 GET http://localhost:54878/api/Services  
2018-09-17 23:12:46.589 -03:00 [Information] Executing action method "ClinicaVivaEstetica.WebApi.Controllers.Service.Get.ServicesController.Get (ClinicaVivaEstetica.WebApi)" with arguments ([""]) - ModelState is Valid
2018-09-17 23:12:46.628 -03:00 [Information] Executing ObjectResult, writing value "Microsoft.AspNetCore.Mvc.ControllerContext".
2018-09-17 23:12:46.634 -03:00 [Information] Executed action "ClinicaVivaEstetica.WebApi.Controllers.Service.Get.ServicesController.Get (ClinicaVivaEstetica.WebApi)" in 51.0398ms
2018-09-17 23:12:46.635 -03:00 [Information] Request finished in 56.0797ms 200 application/json; charset=utf-8
2018-09-17 23:26:52.120 -03:00 [Information] User profile is available. Using '"C:\Users\mario.neto\AppData\Local\ASP.NET\DataProtection-Keys"' as key repository and Windows DPAPI to encrypt keys at rest.
2018-09-17 23:26:55.665 -03:00 [Information] Request starting HTTP/1.1 GET http://localhost:54878/api/Schedules  
2018-09-17 23:26:55.665 -03:00 [Information] Request starting HTTP/1.1 GET http://localhost:54878/swagger/  
2018-09-17 23:26:55.850 -03:00 [Information] Sending file. Request path: '"/index.html"'. Physical path: '"N/A"'
2018-09-17 23:26:55.867 -03:00 [Information] Request finished in 209.4887ms 200 text/html
2018-09-17 23:26:56.349 -03:00 [Information] Request starting HTTP/1.1 GET http://localhost:54878/swagger/v1/swagger.json  
2018-09-17 23:26:56.405 -03:00 [Information] Executing action method "ClinicaVivaEstetica.WebApi.Controllers.Schedule.Get.SchedulesController.Get (ClinicaVivaEstetica.WebApi)" with arguments ([""]) - ModelState is Valid
2018-09-17 23:26:56.620 -03:00 [Information] Request finished in 271.1246ms 200 application/json
2018-09-17 23:26:57.286 -03:00 [Information] Executing ObjectResult, writing value "Microsoft.AspNetCore.Mvc.ControllerContext".
2018-09-17 23:26:57.314 -03:00 [Information] Executed action "ClinicaVivaEstetica.WebApi.Controllers.Schedule.Get.SchedulesController.Get (ClinicaVivaEstetica.WebApi)" in 1352.5033ms
2018-09-17 23:26:57.320 -03:00 [Information] Request finished in 1662.1674ms 200 application/json; charset=utf-8
2018-09-17 23:27:02.719 -03:00 [Information] Request starting HTTP/1.1 GET http://localhost:54878/api/Customers  
2018-09-17 23:27:02.737 -03:00 [Information] Executing action method "ClinicaVivaEstetica.WebApi.Controllers.Customer.Get.CustomersController.Get (ClinicaVivaEstetica.WebApi)" with arguments ([""]) - ModelState is Valid
2018-09-17 23:27:02.960 -03:00 [Information] Executing ObjectResult, writing value "Microsoft.AspNetCore.Mvc.ControllerContext".
2018-09-17 23:27:02.969 -03:00 [Information] Executed action "ClinicaVivaEstetica.WebApi.Controllers.Customer.Get.CustomersController.Get (ClinicaVivaEstetica.WebApi)" in 241.9433ms
2018-09-17 23:27:02.970 -03:00 [Information] Request finished in 250.7681ms 200 application/json; charset=utf-8
2018-09-17 23:27:03.004 -03:00 [Information] Request starting HTTP/1.1 GET http://localhost:54878/api/Services  
2018-09-17 23:27:03.018 -03:00 [Information] Executing action method "ClinicaVivaEstetica.WebApi.Controllers.Service.Get.ServicesController.Get (ClinicaVivaEstetica.WebApi)" with arguments ([""]) - ModelState is Valid
2018-09-17 23:27:03.085 -03:00 [Information] Executing ObjectResult, writing value "Microsoft.AspNetCore.Mvc.ControllerContext".
2018-09-17 23:27:03.093 -03:00 [Information] Executed action "ClinicaVivaEstetica.WebApi.Controllers.Service.Get.ServicesController.Get (ClinicaVivaEstetica.WebApi)" in 82.7275ms
2018-09-17 23:27:03.093 -03:00 [Information] Request finished in 89.1257ms 200 application/json; charset=utf-8
2018-09-17 23:36:41.404 -03:00 [Information] User profile is available. Using '"C:\Users\mario.neto\AppData\Local\ASP.NET\DataProtection-Keys"' as key repository and Windows DPAPI to encrypt keys at rest.
2018-09-17 23:36:45.533 -03:00 [Information] Request starting HTTP/1.1 GET http://localhost:54878/swagger/  
2018-09-17 23:36:45.850 -03:00 [Information] Sending file. Request path: '"/index.html"'. Physical path: '"N/A"'
2018-09-17 23:36:45.895 -03:00 [Information] Request finished in 374.1759ms 200 text/html
2018-09-17 23:36:49.125 -03:00 [Information] Request starting HTTP/1.1 GET http://localhost:54878/api/Schedules  
2018-09-17 23:36:49.317 -03:00 [Information] Request starting HTTP/1.1 GET http://localhost:54878/swagger/v1/swagger.json  
2018-09-17 23:36:49.637 -03:00 [Information] Request finished in 320.0368ms 200 application/json
2018-09-17 23:36:49.771 -03:00 [Information] Executing action method "ClinicaVivaEstetica.WebApi.Controllers.Schedule.Get.SchedulesController.Get (ClinicaVivaEstetica.WebApi)" with arguments ([""]) - ModelState is Valid
2018-09-17 23:36:50.667 -03:00 [Information] Executing ObjectResult, writing value "Microsoft.AspNetCore.Mvc.ControllerContext".
2018-09-17 23:36:50.694 -03:00 [Information] Executed action "ClinicaVivaEstetica.WebApi.Controllers.Schedule.Get.SchedulesController.Get (ClinicaVivaEstetica.WebApi)" in 1440.7057ms
2018-09-17 23:36:50.695 -03:00 [Information] Request finished in 1569.4206ms 200 application/json; charset=utf-8
2018-09-17 23:37:34.819 -03:00 [Information] Request starting HTTP/1.1 GET http://localhost:54878/api/Customers  
2018-09-17 23:37:34.840 -03:00 [Information] Executing action method "ClinicaVivaEstetica.WebApi.Controllers.Customer.Get.CustomersController.Get (ClinicaVivaEstetica.WebApi)" with arguments ([""]) - ModelState is Valid
2018-09-17 23:37:35.048 -03:00 [Information] Executing ObjectResult, writing value "Microsoft.AspNetCore.Mvc.ControllerContext".
2018-09-17 23:37:35.070 -03:00 [Information] Executed action "ClinicaVivaEstetica.WebApi.Controllers.Customer.Get.CustomersController.Get (ClinicaVivaEstetica.WebApi)" in 242.0775ms
2018-09-17 23:37:35.093 -03:00 [Information] Request finished in 273.2765ms 200 application/json; charset=utf-8
2018-09-17 23:37:35.132 -03:00 [Information] Request starting HTTP/1.1 GET http://localhost:54878/api/Services  
2018-09-17 23:37:35.150 -03:00 [Information] Executing action method "ClinicaVivaEstetica.WebApi.Controllers.Service.Get.ServicesController.Get (ClinicaVivaEstetica.WebApi)" with arguments ([""]) - ModelState is Valid
2018-09-17 23:37:35.224 -03:00 [Information] Executing ObjectResult, writing value "Microsoft.AspNetCore.Mvc.ControllerContext".
2018-09-17 23:37:35.235 -03:00 [Information] Executed action "ClinicaVivaEstetica.WebApi.Controllers.Service.Get.ServicesController.Get (ClinicaVivaEstetica.WebApi)" in 93.6338ms
2018-09-17 23:37:35.239 -03:00 [Information] Request finished in 107.3016ms 200 application/json; charset=utf-8
2018-09-17 23:39:21.016 -03:00 [Information] User profile is available. Using '"C:\Users\mario.neto\AppData\Local\ASP.NET\DataProtection-Keys"' as key repository and Windows DPAPI to encrypt keys at rest.
2018-09-17 23:39:24.701 -03:00 [Information] Request starting HTTP/1.1 GET http://localhost:54878/swagger/  
2018-09-17 23:39:24.920 -03:00 [Information] Sending file. Request path: '"/index.html"'. Physical path: '"N/A"'
2018-09-17 23:39:24.949 -03:00 [Information] Request finished in 248.9629ms 200 text/html
2018-09-17 23:39:25.953 -03:00 [Information] Request starting HTTP/1.1 GET http://localhost:54878/swagger/v1/swagger.json  
2018-09-17 23:39:26.361 -03:00 [Information] Request finished in 407.7082ms 200 application/json
2018-09-17 23:39:37.167 -03:00 [Information] Request starting HTTP/1.1 GET http://localhost:54878/api/Schedules  
2018-09-17 23:39:37.604 -03:00 [Information] Executing action method "ClinicaVivaEstetica.WebApi.Controllers.Schedule.Get.SchedulesController.Get (ClinicaVivaEstetica.WebApi)" with arguments ([""]) - ModelState is Valid
2018-09-17 23:39:38.269 -03:00 [Information] Executing ObjectResult, writing value "Microsoft.AspNetCore.Mvc.ControllerContext".
2018-09-17 23:39:38.287 -03:00 [Information] Executed action "ClinicaVivaEstetica.WebApi.Controllers.Schedule.Get.SchedulesController.Get (ClinicaVivaEstetica.WebApi)" in 1035.0391ms
2018-09-17 23:39:38.288 -03:00 [Information] Request finished in 1120.1091ms 200 application/json; charset=utf-8
2018-09-17 23:39:40.547 -03:00 [Information] Request starting HTTP/1.1 GET http://localhost:54878/api/Customers  
2018-09-17 23:39:40.559 -03:00 [Information] Executing action method "ClinicaVivaEstetica.WebApi.Controllers.Customer.Get.CustomersController.Get (ClinicaVivaEstetica.WebApi)" with arguments ([""]) - ModelState is Valid
2018-09-17 23:39:40.742 -03:00 [Information] Executing ObjectResult, writing value "Microsoft.AspNetCore.Mvc.ControllerContext".
2018-09-17 23:39:40.752 -03:00 [Information] Executed action "ClinicaVivaEstetica.WebApi.Controllers.Customer.Get.CustomersController.Get (ClinicaVivaEstetica.WebApi)" in 199.1661ms
2018-09-17 23:39:40.752 -03:00 [Information] Request finished in 205.0279ms 200 application/json; charset=utf-8
2018-09-17 23:39:40.781 -03:00 [Information] Request starting HTTP/1.1 GET http://localhost:54878/api/Services  
2018-09-17 23:39:40.794 -03:00 [Information] Executing action method "ClinicaVivaEstetica.WebApi.Controllers.Service.Get.ServicesController.Get (ClinicaVivaEstetica.WebApi)" with arguments ([""]) - ModelState is Valid
2018-09-17 23:39:40.845 -03:00 [Information] Executing ObjectResult, writing value "Microsoft.AspNetCore.Mvc.ControllerContext".
2018-09-17 23:39:40.852 -03:00 [Information] Executed action "ClinicaVivaEstetica.WebApi.Controllers.Service.Get.ServicesController.Get (ClinicaVivaEstetica.WebApi)" in 65.4414ms
2018-09-17 23:39:40.852 -03:00 [Information] Request finished in 70.8914ms 200 application/json; charset=utf-8
2018-09-17 23:39:44.973 -03:00 [Information] Request starting HTTP/1.1 GET http://localhost:54878/api/Customers  
2018-09-17 23:39:44.979 -03:00 [Information] Executing action method "ClinicaVivaEstetica.WebApi.Controllers.Customer.Get.CustomersController.Get (ClinicaVivaEstetica.WebApi)" with arguments ([""]) - ModelState is Valid
2018-09-17 23:39:44.994 -03:00 [Information] Executing ObjectResult, writing value "Microsoft.AspNetCore.Mvc.ControllerContext".
2018-09-17 23:39:44.994 -03:00 [Information] Executed action "ClinicaVivaEstetica.WebApi.Controllers.Customer.Get.CustomersController.Get (ClinicaVivaEstetica.WebApi)" in 20.1997ms
2018-09-17 23:39:44.994 -03:00 [Information] Request finished in 21.1018ms 200 application/json; charset=utf-8
2018-09-17 23:39:45.018 -03:00 [Information] Request starting HTTP/1.1 GET http://localhost:54878/api/Services  
2018-09-17 23:39:45.023 -03:00 [Information] Executing action method "ClinicaVivaEstetica.WebApi.Controllers.Service.Get.ServicesController.Get (ClinicaVivaEstetica.WebApi)" with arguments ([""]) - ModelState is Valid
2018-09-17 23:39:45.039 -03:00 [Information] Executing ObjectResult, writing value "Microsoft.AspNetCore.Mvc.ControllerContext".
2018-09-17 23:39:45.039 -03:00 [Information] Executed action "ClinicaVivaEstetica.WebApi.Controllers.Service.Get.ServicesController.Get (ClinicaVivaEstetica.WebApi)" in 21.1807ms
2018-09-17 23:39:45.039 -03:00 [Information] Request finished in 21.6122ms 200 application/json; charset=utf-8
2018-09-17 23:41:16.869 -03:00 [Information] User profile is available. Using '"C:\Users\mario.neto\AppData\Local\ASP.NET\DataProtection-Keys"' as key repository and Windows DPAPI to encrypt keys at rest.
2018-09-17 23:41:20.482 -03:00 [Information] Request starting HTTP/1.1 GET http://localhost:54878/swagger/  
2018-09-17 23:41:20.726 -03:00 [Information] Sending file. Request path: '"/index.html"'. Physical path: '"N/A"'
2018-09-17 23:41:20.771 -03:00 [Information] Request finished in 301.5293ms 200 text/html
2018-09-17 23:41:25.559 -03:00 [Information] Request starting HTTP/1.1 GET http://localhost:54878/swagger/v1/swagger.json  
2018-09-17 23:41:25.834 -03:00 [Information] Request finished in 274.7319ms 200 application/json
2018-09-17 23:41:56.732 -03:00 [Information] Request starting HTTP/1.1 GET http://localhost:54878/api/Schedules  
2018-09-17 23:41:57.397 -03:00 [Information] Executing action method "ClinicaVivaEstetica.WebApi.Controllers.Schedule.Get.SchedulesController.Get (ClinicaVivaEstetica.WebApi)" with arguments ([""]) - ModelState is Valid
2018-09-17 23:41:58.135 -03:00 [Information] Executing ObjectResult, writing value "Microsoft.AspNetCore.Mvc.ControllerContext".
2018-09-17 23:41:58.153 -03:00 [Information] Executed action "ClinicaVivaEstetica.WebApi.Controllers.Schedule.Get.SchedulesController.Get (ClinicaVivaEstetica.WebApi)" in 1306.0623ms
2018-09-17 23:41:58.153 -03:00 [Information] Request finished in 1421.6448ms 200 application/json; charset=utf-8
2018-09-17 23:42:01.212 -03:00 [Information] Request starting HTTP/1.1 GET http://localhost:54878/api/Customers  
2018-09-17 23:42:01.227 -03:00 [Information] Executing action method "ClinicaVivaEstetica.WebApi.Controllers.Customer.Get.CustomersController.Get (ClinicaVivaEstetica.WebApi)" with arguments ([""]) - ModelState is Valid
2018-09-17 23:42:01.416 -03:00 [Information] Executing ObjectResult, writing value "Microsoft.AspNetCore.Mvc.ControllerContext".
2018-09-17 23:42:01.424 -03:00 [Information] Executed action "ClinicaVivaEstetica.WebApi.Controllers.Customer.Get.CustomersController.Get (ClinicaVivaEstetica.WebApi)" in 204.4433ms
2018-09-17 23:42:01.424 -03:00 [Information] Request finished in 211.8324ms 200 application/json; charset=utf-8
2018-09-17 23:42:01.460 -03:00 [Information] Request starting HTTP/1.1 GET http://localhost:54878/api/Services  
2018-09-17 23:42:01.473 -03:00 [Information] Executing action method "ClinicaVivaEstetica.WebApi.Controllers.Service.Get.ServicesController.Get (ClinicaVivaEstetica.WebApi)" with arguments ([""]) - ModelState is Valid
2018-09-17 23:42:01.517 -03:00 [Information] Executing ObjectResult, writing value "Microsoft.AspNetCore.Mvc.ControllerContext".
2018-09-17 23:42:01.526 -03:00 [Information] Executed action "ClinicaVivaEstetica.WebApi.Controllers.Service.Get.ServicesController.Get (ClinicaVivaEstetica.WebApi)" in 59.9546ms
2018-09-17 23:42:01.526 -03:00 [Information] Request finished in 66.0935ms 200 application/json; charset=utf-8
2018-09-17 23:42:05.625 -03:00 [Information] Request starting HTTP/1.1 GET http://localhost:54878/api/Customers  
2018-09-17 23:42:05.632 -03:00 [Information] Executing action method "ClinicaVivaEstetica.WebApi.Controllers.Customer.Get.CustomersController.Get (ClinicaVivaEstetica.WebApi)" with arguments ([""]) - ModelState is Valid
2018-09-17 23:42:05.651 -03:00 [Information] Executing ObjectResult, writing value "Microsoft.AspNetCore.Mvc.ControllerContext".
2018-09-17 23:42:05.652 -03:00 [Information] Executed action "ClinicaVivaEstetica.WebApi.Controllers.Customer.Get.CustomersController.Get (ClinicaVivaEstetica.WebApi)" in 25.7753ms
2018-09-17 23:42:05.652 -03:00 [Information] Request finished in 26.7192ms 200 application/json; charset=utf-8
2018-09-17 23:42:05.674 -03:00 [Information] Request starting HTTP/1.1 GET http://localhost:54878/api/Services  
2018-09-17 23:42:05.683 -03:00 [Information] Executing action method "ClinicaVivaEstetica.WebApi.Controllers.Service.Get.ServicesController.Get (ClinicaVivaEstetica.WebApi)" with arguments ([""]) - ModelState is Valid
2018-09-17 23:42:05.696 -03:00 [Information] Executing ObjectResult, writing value "Microsoft.AspNetCore.Mvc.ControllerContext".
2018-09-17 23:42:05.697 -03:00 [Information] Executed action "ClinicaVivaEstetica.WebApi.Controllers.Service.Get.ServicesController.Get (ClinicaVivaEstetica.WebApi)" in 22.5158ms
2018-09-17 23:42:05.697 -03:00 [Information] Request finished in 23.376ms 200 application/json; charset=utf-8
2018-09-17 23:51:08.465 -03:00 [Information] Request starting HTTP/1.1 GET http://localhost:54878/api/Schedules  
2018-09-17 23:51:08.471 -03:00 [Information] Executing action method "ClinicaVivaEstetica.WebApi.Controllers.Schedule.Get.SchedulesController.Get (ClinicaVivaEstetica.WebApi)" with arguments ([""]) - ModelState is Valid
2018-09-17 23:51:08.517 -03:00 [Information] Executing ObjectResult, writing value "Microsoft.AspNetCore.Mvc.ControllerContext".
2018-09-17 23:51:08.518 -03:00 [Information] Executed action "ClinicaVivaEstetica.WebApi.Controllers.Schedule.Get.SchedulesController.Get (ClinicaVivaEstetica.WebApi)" in 52.258ms
2018-09-17 23:51:08.518 -03:00 [Information] Request finished in 52.8502ms 200 application/json; charset=utf-8
2018-09-17 23:51:09.978 -03:00 [Information] Request starting HTTP/1.1 GET http://localhost:54878/api/Customers  
2018-09-17 23:51:09.983 -03:00 [Information] Executing action method "ClinicaVivaEstetica.WebApi.Controllers.Customer.Get.CustomersController.Get (ClinicaVivaEstetica.WebApi)" with arguments ([""]) - ModelState is Valid
2018-09-17 23:51:10.003 -03:00 [Information] Executing ObjectResult, writing value "Microsoft.AspNetCore.Mvc.ControllerContext".
2018-09-17 23:51:10.003 -03:00 [Information] Executed action "ClinicaVivaEstetica.WebApi.Controllers.Customer.Get.CustomersController.Get (ClinicaVivaEstetica.WebApi)" in 24.6917ms
2018-09-17 23:51:10.004 -03:00 [Information] Request finished in 25.0722ms 200 application/json; charset=utf-8
2018-09-17 23:51:10.016 -03:00 [Information] Request starting HTTP/1.1 GET http://localhost:54878/api/Services  
2018-09-17 23:51:10.022 -03:00 [Information] Executing action method "ClinicaVivaEstetica.WebApi.Controllers.Service.Get.ServicesController.Get (ClinicaVivaEstetica.WebApi)" with arguments ([""]) - ModelState is Valid
2018-09-17 23:51:10.035 -03:00 [Information] Executing ObjectResult, writing value "Microsoft.AspNetCore.Mvc.ControllerContext".
2018-09-17 23:51:10.036 -03:00 [Information] Executed action "ClinicaVivaEstetica.WebApi.Controllers.Service.Get.ServicesController.Get (ClinicaVivaEstetica.WebApi)" in 19.2898ms
2018-09-17 23:51:10.036 -03:00 [Information] Request finished in 19.8066ms 200 application/json; charset=utf-8
2018-09-17 23:56:04.841 -03:00 [Information] Request starting HTTP/1.1 GET http://localhost:54878/api/Customers  
2018-09-17 23:56:04.846 -03:00 [Information] Executing action method "ClinicaVivaEstetica.WebApi.Controllers.Customer.Get.CustomersController.Get (ClinicaVivaEstetica.WebApi)" with arguments ([""]) - ModelState is Valid
2018-09-17 23:56:04.866 -03:00 [Information] Executing ObjectResult, writing value "Microsoft.AspNetCore.Mvc.ControllerContext".
2018-09-17 23:56:04.867 -03:00 [Information] Executed action "ClinicaVivaEstetica.WebApi.Controllers.Customer.Get.CustomersController.Get (ClinicaVivaEstetica.WebApi)" in 25.3805ms
2018-09-17 23:56:04.867 -03:00 [Information] Request finished in 25.8917ms 200 application/json; charset=utf-8
2018-09-17 23:56:04.885 -03:00 [Information] Request starting HTTP/1.1 GET http://localhost:54878/api/Services  
2018-09-17 23:56:04.890 -03:00 [Information] Executing action method "ClinicaVivaEstetica.WebApi.Controllers.Service.Get.ServicesController.Get (ClinicaVivaEstetica.WebApi)" with arguments ([""]) - ModelState is Valid
2018-09-17 23:56:04.904 -03:00 [Information] Executing ObjectResult, writing value "Microsoft.AspNetCore.Mvc.ControllerContext".
2018-09-17 23:56:04.904 -03:00 [Information] Executed action "ClinicaVivaEstetica.WebApi.Controllers.Service.Get.ServicesController.Get (ClinicaVivaEstetica.WebApi)" in 18.8714ms
2018-09-17 23:56:04.904 -03:00 [Information] Request finished in 19.4078ms 200 application/json; charset=utf-8
2018-09-17 23:56:06.065 -03:00 [Information] Request starting HTTP/1.1 GET http://localhost:54878/api/Customers  
2018-09-17 23:56:06.070 -03:00 [Information] Executing action method "ClinicaVivaEstetica.WebApi.Controllers.Customer.Get.CustomersController.Get (ClinicaVivaEstetica.WebApi)" with arguments ([""]) - ModelState is Valid
2018-09-17 23:56:06.082 -03:00 [Information] Executing ObjectResult, writing value "Microsoft.AspNetCore.Mvc.ControllerContext".
2018-09-17 23:56:06.082 -03:00 [Information] Executed action "ClinicaVivaEstetica.WebApi.Controllers.Customer.Get.CustomersController.Get (ClinicaVivaEstetica.WebApi)" in 16.4918ms
2018-09-17 23:56:06.082 -03:00 [Information] Request finished in 16.9082ms 200 application/json; charset=utf-8
2018-09-17 23:56:06.094 -03:00 [Information] Request starting HTTP/1.1 GET http://localhost:54878/api/Services  
2018-09-17 23:56:06.100 -03:00 [Information] Executing action method "ClinicaVivaEstetica.WebApi.Controllers.Service.Get.ServicesController.Get (ClinicaVivaEstetica.WebApi)" with arguments ([""]) - ModelState is Valid
2018-09-17 23:56:06.110 -03:00 [Information] Executing ObjectResult, writing value "Microsoft.AspNetCore.Mvc.ControllerContext".
2018-09-17 23:56:06.111 -03:00 [Information] Executed action "ClinicaVivaEstetica.WebApi.Controllers.Service.Get.ServicesController.Get (ClinicaVivaEstetica.WebApi)" in 15.7212ms
2018-09-17 23:56:06.111 -03:00 [Information] Request finished in 16.1748ms 200 application/json; charset=utf-8
2018-09-17 23:56:06.390 -03:00 [Information] Request starting HTTP/1.1 GET http://localhost:54878/api/Customers  
2018-09-17 23:56:06.397 -03:00 [Information] Executing action method "ClinicaVivaEstetica.WebApi.Controllers.Customer.Get.CustomersController.Get (ClinicaVivaEstetica.WebApi)" with arguments ([""]) - ModelState is Valid
2018-09-17 23:56:06.422 -03:00 [Information] Executing ObjectResult, writing value "Microsoft.AspNetCore.Mvc.ControllerContext".
2018-09-17 23:56:06.423 -03:00 [Information] Executed action "ClinicaVivaEstetica.WebApi.Controllers.Customer.Get.CustomersController.Get (ClinicaVivaEstetica.WebApi)" in 32.6074ms
2018-09-17 23:56:06.429 -03:00 [Information] Request finished in 38.9523ms 200 application/json; charset=utf-8
2018-09-17 23:56:06.552 -03:00 [Information] Request starting HTTP/1.1 GET http://localhost:54878/api/Services  
2018-09-17 23:56:06.561 -03:00 [Information] Executing action method "ClinicaVivaEstetica.WebApi.Controllers.Service.Get.ServicesController.Get (ClinicaVivaEstetica.WebApi)" with arguments ([""]) - ModelState is Valid
2018-09-17 23:56:06.595 -03:00 [Information] Executing ObjectResult, writing value "Microsoft.AspNetCore.Mvc.ControllerContext".
2018-09-17 23:56:06.595 -03:00 [Information] Executed action "ClinicaVivaEstetica.WebApi.Controllers.Service.Get.ServicesController.Get (ClinicaVivaEstetica.WebApi)" in 41.0572ms
2018-09-17 23:56:06.629 -03:00 [Information] Request finished in 51.5376ms 200 application/json; charset=utf-8
2018-09-17 23:56:07.270 -03:00 [Information] Request starting HTTP/1.1 GET http://localhost:54878/api/Customers  
2018-09-17 23:56:07.276 -03:00 [Information] Executing action method "ClinicaVivaEstetica.WebApi.Controllers.Customer.Get.CustomersController.Get (ClinicaVivaEstetica.WebApi)" with arguments ([""]) - ModelState is Valid
2018-09-17 23:56:07.305 -03:00 [Information] Executing ObjectResult, writing value "Microsoft.AspNetCore.Mvc.ControllerContext".
2018-09-17 23:56:07.307 -03:00 [Information] Executed action "ClinicaVivaEstetica.WebApi.Controllers.Customer.Get.CustomersController.Get (ClinicaVivaEstetica.WebApi)" in 36.8206ms
2018-09-17 23:56:07.312 -03:00 [Information] Request finished in 41.962ms 200 application/json; charset=utf-8
2018-09-17 23:56:07.337 -03:00 [Information] Request starting HTTP/1.1 GET http://localhost:54878/api/Services  
2018-09-17 23:56:07.342 -03:00 [Information] Executing action method "ClinicaVivaEstetica.WebApi.Controllers.Service.Get.ServicesController.Get (ClinicaVivaEstetica.WebApi)" with arguments ([""]) - ModelState is Valid
2018-09-17 23:56:07.354 -03:00 [Information] Executing ObjectResult, writing value "Microsoft.AspNetCore.Mvc.ControllerContext".
2018-09-17 23:56:07.355 -03:00 [Information] Executed action "ClinicaVivaEstetica.WebApi.Controllers.Service.Get.ServicesController.Get (ClinicaVivaEstetica.WebApi)" in 17.2702ms
2018-09-17 23:56:07.355 -03:00 [Information] Request finished in 17.9871ms 200 application/json; charset=utf-8
2018-09-17 23:56:07.655 -03:00 [Information] Request starting HTTP/1.1 GET http://localhost:54878/api/Customers  
2018-09-17 23:56:07.664 -03:00 [Information] Executing action method "ClinicaVivaEstetica.WebApi.Controllers.Customer.Get.CustomersController.Get (ClinicaVivaEstetica.WebApi)" with arguments ([""]) - ModelState is Valid
2018-09-17 23:56:07.798 -03:00 [Information] Executing ObjectResult, writing value "Microsoft.AspNetCore.Mvc.ControllerContext".
2018-09-17 23:56:07.798 -03:00 [Information] Executed action "ClinicaVivaEstetica.WebApi.Controllers.Customer.Get.CustomersController.Get (ClinicaVivaEstetica.WebApi)" in 142.9585ms
2018-09-17 23:56:07.800 -03:00 [Information] Request finished in 144.8593ms 200 application/json; charset=utf-8
2018-09-17 23:56:07.840 -03:00 [Information] Request starting HTTP/1.1 GET http://localhost:54878/api/Services  
2018-09-17 23:56:07.846 -03:00 [Information] Executing action method "ClinicaVivaEstetica.WebApi.Controllers.Service.Get.ServicesController.Get (ClinicaVivaEstetica.WebApi)" with arguments ([""]) - ModelState is Valid
2018-09-17 23:56:07.862 -03:00 [Information] Executing ObjectResult, writing value "Microsoft.AspNetCore.Mvc.ControllerContext".
2018-09-17 23:56:07.862 -03:00 [Information] Executed action "ClinicaVivaEstetica.WebApi.Controllers.Service.Get.ServicesController.Get (ClinicaVivaEstetica.WebApi)" in 21.4922ms
2018-09-17 23:56:07.862 -03:00 [Information] Request finished in 22.2955ms 200 application/json; charset=utf-8
2018-09-17 23:56:35.983 -03:00 [Information] User profile is available. Using '"C:\Users\mario.neto\AppData\Local\ASP.NET\DataProtection-Keys"' as key repository and Windows DPAPI to encrypt keys at rest.
2018-09-17 23:56:40.261 -03:00 [Information] Request starting HTTP/1.1 GET http://localhost:54878/swagger/  
2018-09-17 23:56:40.512 -03:00 [Information] Sending file. Request path: '"/index.html"'. Physical path: '"N/A"'
2018-09-17 23:56:40.559 -03:00 [Information] Request finished in 310.9163ms 200 text/html
2018-09-17 23:56:41.630 -03:00 [Information] Request starting HTTP/1.1 GET http://localhost:54878/swagger/v1/swagger.json  
2018-09-17 23:56:41.954 -03:00 [Information] Request finished in 324.04ms 200 application/json
2018-09-17 23:56:47.126 -03:00 [Information] Request starting HTTP/1.1 GET http://localhost:54878/api/Schedules  
2018-09-17 23:56:47.716 -03:00 [Information] Executing action method "ClinicaVivaEstetica.WebApi.Controllers.Schedule.Get.SchedulesController.Get (ClinicaVivaEstetica.WebApi)" with arguments ([""]) - ModelState is Valid
2018-09-17 23:56:48.455 -03:00 [Information] Executing ObjectResult, writing value "Microsoft.AspNetCore.Mvc.ControllerContext".
2018-09-17 23:56:48.474 -03:00 [Information] Executed action "ClinicaVivaEstetica.WebApi.Controllers.Schedule.Get.SchedulesController.Get (ClinicaVivaEstetica.WebApi)" in 1244.1915ms
2018-09-17 23:56:48.475 -03:00 [Information] Request finished in 1348.8703ms 200 application/json; charset=utf-8
2018-09-17 23:56:50.940 -03:00 [Information] Request starting HTTP/1.1 GET http://localhost:54878/api/Customers  
2018-09-17 23:56:50.957 -03:00 [Information] Executing action method "ClinicaVivaEstetica.WebApi.Controllers.Customer.Get.CustomersController.Get (ClinicaVivaEstetica.WebApi)" with arguments ([""]) - ModelState is Valid
2018-09-17 23:56:51.156 -03:00 [Information] Executing ObjectResult, writing value "Microsoft.AspNetCore.Mvc.ControllerContext".
2018-09-17 23:56:51.169 -03:00 [Information] Executed action "ClinicaVivaEstetica.WebApi.Controllers.Customer.Get.CustomersController.Get (ClinicaVivaEstetica.WebApi)" in 220.8573ms
2018-09-17 23:56:51.169 -03:00 [Information] Request finished in 228.7474ms 200 application/json; charset=utf-8
2018-09-17 23:56:51.203 -03:00 [Information] Request starting HTTP/1.1 GET http://localhost:54878/api/Services  
2018-09-17 23:56:51.216 -03:00 [Information] Executing action method "ClinicaVivaEstetica.WebApi.Controllers.Service.Get.ServicesController.Get (ClinicaVivaEstetica.WebApi)" with arguments ([""]) - ModelState is Valid
2018-09-17 23:56:51.257 -03:00 [Information] Executing ObjectResult, writing value "Microsoft.AspNetCore.Mvc.ControllerContext".
2018-09-17 23:56:51.264 -03:00 [Information] Executed action "ClinicaVivaEstetica.WebApi.Controllers.Service.Get.ServicesController.Get (ClinicaVivaEstetica.WebApi)" in 54.1525ms
2018-09-17 23:56:51.264 -03:00 [Information] Request finished in 60.7244ms 200 application/json; charset=utf-8
2018-09-17 23:58:32.330 -03:00 [Information] Request starting HTTP/1.1 GET http://localhost:54878/api/Customers  
2018-09-17 23:58:32.336 -03:00 [Information] Executing action method "ClinicaVivaEstetica.WebApi.Controllers.Customer.Get.CustomersController.Get (ClinicaVivaEstetica.WebApi)" with arguments ([""]) - ModelState is Valid
2018-09-17 23:58:32.361 -03:00 [Information] Executing ObjectResult, writing value "Microsoft.AspNetCore.Mvc.ControllerContext".
2018-09-17 23:58:32.362 -03:00 [Information] Executed action "ClinicaVivaEstetica.WebApi.Controllers.Customer.Get.CustomersController.Get (ClinicaVivaEstetica.WebApi)" in 31.0962ms
2018-09-17 23:58:32.362 -03:00 [Information] Request finished in 31.9789ms 200 application/json; charset=utf-8
2018-09-17 23:58:32.385 -03:00 [Information] Request starting HTTP/1.1 GET http://localhost:54878/api/Services  
2018-09-17 23:58:32.391 -03:00 [Information] Executing action method "ClinicaVivaEstetica.WebApi.Controllers.Service.Get.ServicesController.Get (ClinicaVivaEstetica.WebApi)" with arguments ([""]) - ModelState is Valid
2018-09-17 23:58:32.404 -03:00 [Information] Executing ObjectResult, writing value "Microsoft.AspNetCore.Mvc.ControllerContext".
2018-09-17 23:58:32.404 -03:00 [Information] Executed action "ClinicaVivaEstetica.WebApi.Controllers.Service.Get.ServicesController.Get (ClinicaVivaEstetica.WebApi)" in 19.3735ms
2018-09-17 23:58:32.405 -03:00 [Information] Request finished in 19.936ms 200 application/json; charset=utf-8
